2022-04-10 13:35:09,829 INFO raft peers changed: [Member{ip='192.168.1.4', port=8848, state=UP, extendInfo={raftPort=7848}}]

2022-04-10 13:35:09,879 INFO initializing Raft sub-system

2022-04-10 13:35:09,881 INFO finish loading all datums, size: 0 cost 2 ms.

2022-04-10 13:35:09,886 INFO cache loaded, datum count: 0, current term: 0

2022-04-10 13:35:09,886 INFO finish to load data from disk, cost: 7 ms.

2022-04-10 13:35:09,895 INFO timer started: leader timeout ms: 15000, heart-beat timeout ms: 5000

2022-04-10 13:35:10,721 INFO add listener: com.alibaba.nacos.naming.domains.meta.00-00---000-NACOS_SWITCH_DOMAIN-000---00-00

2022-04-10 13:35:10,738 INFO add listener: com.alibaba.nacos.naming.domains.meta.

2022-04-10 13:35:14,808 WARN start to close old raft protocol!!!

2022-04-10 13:35:14,808 WARN stop old raft protocol task for notifier

2022-04-10 13:35:14,808 WARN stop old raft protocol task for master task

2022-04-10 13:35:14,808 WARN stop old raft protocol task for heartbeat task

2022-04-10 13:35:14,808 WARN clean old cache datum for old raft

2022-04-10 13:35:14,808 WARN start to close old raft protocol!!!

2022-04-10 13:35:14,808 WARN stop old raft protocol task for notifier

2022-04-10 13:35:14,808 WARN stop old raft protocol task for master task

2022-04-10 13:35:14,808 WARN stop old raft protocol task for heartbeat task

2022-04-10 13:35:14,808 WARN clean old cache datum for old raft

2022-04-10 13:35:14,808 WARN start to move old raft protocol metadata

2022-04-10 13:35:14,810 WARN start to move old raft protocol metadata

2022-04-10 13:35:14,811 INFO raft peers changed: [Member{ip='192.168.1.4', port=8848, state=UP, extendInfo={lastRefreshTime=1649568914810, raftPort=7848, version=1.4.3}}]

2022-04-10 13:35:15,150 INFO add listener: com.alibaba.nacos.naming.iplist.public##DEFAULT_GROUP@@gateway

2022-04-10 13:46:58,300 INFO add listener: com.alibaba.nacos.naming.iplist.public##DEFAULT_GROUP@@client

2022-04-10 13:52:10,824 INFO add listener: com.alibaba.nacos.naming.iplist.public##DEFAULT_GROUP@@sentinel

2022-04-10 14:51:00,750 INFO [RAFT-NOTIFIER] datum is deleted, key: com.alibaba.nacos.naming.domains.meta.public##DEFAULT_GROUP@@client

2022-04-10 14:51:00,753 INFO [RAFT-NOTIFIER] datum is deleted, key: com.alibaba.nacos.naming.domains.meta.public##DEFAULT_GROUP@@gateway

2022-04-10 14:51:30,749 INFO [RAFT-NOTIFIER] datum is deleted, key: com.alibaba.nacos.naming.domains.meta.public##DEFAULT_GROUP@@sentinel

2022-04-10 14:52:47,707 INFO add listener: com.alibaba.nacos.naming.iplist.public##DEFAULT_GROUP@@client

2022-04-10 14:52:54,490 INFO add listener: com.alibaba.nacos.naming.iplist.public##DEFAULT_GROUP@@sentinel

2022-04-10 14:52:56,076 INFO add listener: com.alibaba.nacos.naming.iplist.public##DEFAULT_GROUP@@gateway

